\BOOKMARK [0][-]{chapter.1}{\376\377\000C\000o\000n\000t\000e\000n\000t\000s}{}% 1
\BOOKMARK [1][-]{section.1.1}{\376\377\000I\000n\000s\000t\000a\000l\000l\000a\000t\000i\000o\000n}{chapter.1}% 2
\BOOKMARK [2][-]{subsection.1.1.1}{\376\377\000C\000h\000e\000c\000k\000\040\000d\000e\000p\000e\000n\000d\000e\000n\000c\000i\000e\000s}{section.1.1}% 3
\BOOKMARK [2][-]{subsection.1.1.2}{\376\377\000G\000e\000t\000\040\000s\000e\000g\0001\000d}{section.1.1}% 4
\BOOKMARK [2][-]{subsection.1.1.3}{\376\377\000B\000u\000i\000l\000d\000i\000n\000g\000\040\000D\000o\000c\000u\000m\000e\000n\000t\000a\000t\000i\000o\000n}{section.1.1}% 5
\BOOKMARK [2][-]{subsection.1.1.4}{\376\377\000T\000e\000s\000t\000i\000n\000g}{section.1.1}% 6
\BOOKMARK [1][-]{section.1.2}{\376\377\000G\000e\000t\000t\000i\000n\000g\000\040\000S\000t\000a\000r\000t\000e\000d}{chapter.1}% 7
\BOOKMARK [2][-]{subsection.1.2.1}{\376\377\000S\000a\000m\000p\000l\000e\000\040\000D\000a\000t\000a}{section.1.2}% 8
\BOOKMARK [2][-]{subsection.1.2.2}{\376\377\000S\000i\000n\000e\000\040\000W\000a\000v\000e}{section.1.2}% 9
\BOOKMARK [2][-]{subsection.1.2.3}{\376\377\000G\000a\000u\000s\000s}{section.1.2}% 10
\BOOKMARK [1][-]{section.1.3}{\376\377\000A\000P\000I\000\040\000E\000x\000a\000m\000p\000l\000e\000s}{chapter.1}% 11
\BOOKMARK [2][-]{subsection.1.3.1}{\376\377\000B\000a\000s\000i\000c\000\040\000U\000s\000e}{section.1.3}% 12
\BOOKMARK [2][-]{subsection.1.3.2}{\376\377\000E\000C\000G}{section.1.3}% 13
\BOOKMARK [2][-]{subsection.1.3.3}{\376\377\000F\000e\000a\000t\000u\000r\000e\000\040\000I\000n\000c\000l\000u\000s\000i\000o\000n}{section.1.3}% 14
\BOOKMARK [2][-]{subsection.1.3.4}{\376\377\000P\000a\000r\000a\000m\000e\000t\000e\000r\000\040\000T\000u\000n\000i\000n\000g}{section.1.3}% 15
\BOOKMARK [2][-]{subsection.1.3.5}{\376\377\000F\000e\000a\000t\000u\000r\000e\000\040\000P\000r\000o\000c\000e\000s\000s\000i\000n\000g}{section.1.3}% 16
\BOOKMARK [1][-]{section.1.4}{\376\377\000C\000o\000d\000e\000\040\000R\000e\000f\000e\000r\000e\000n\000c\000e}{chapter.1}% 17
\BOOKMARK [2][-]{subsection.1.4.1}{\376\377\000S\000i\000m\000p\000l\000e\000\040\000I\000n\000t\000e\000r\000f\000a\000c\000e}{section.1.4}% 18
\BOOKMARK [3][-]{subsubsection*.8}{\376\377\000S\000i\000m\000p\000l\000e\000\040\000I\000n\000t\000e\000r\000f\000a\000c\000e}{subsection.1.4.1}% 19
\BOOKMARK [2][-]{subsection.1.4.2}{\376\377\000C\000l\000a\000s\000s}{section.1.4}% 20
\BOOKMARK [3][-]{subsubsection*.9}{\376\377\000S\000e\000g\000m\000e\000n\000t\000e\000r\000\040\000C\000l\000a\000s\000s}{subsection.1.4.2}% 21
\BOOKMARK [4][-]{paragraph*.10}{\376\377\000s\000e\000g\0001\000d\000.\000S\000e\000g\000m\000e\000n\000t\000e\000r}{subsubsection*.9}% 22
\BOOKMARK [3][-]{subsubsection*.13}{\376\377\000S\000e\000g\000m\000e\000n\000t\000e\000r\000\040\000M\000e\000t\000h\000o\000d\000s}{subsection.1.4.2}% 23
\BOOKMARK [4][-]{paragraph*.14}{\376\377\000s\000e\000g\0001\000d\000.\000S\000e\000g\000m\000e\000n\000t\000e\000r\000.\000s\000e\000t\000\137\000t\000a\000r\000g\000e\000t}{subsubsection*.13}% 24
\BOOKMARK [4][-]{paragraph*.16}{\376\377\000s\000e\000g\0001\000d\000.\000S\000e\000g\000m\000e\000n\000t\000e\000r\000.\000a\000d\000d\000\137\000r\000e\000f\000e\000r\000e\000n\000c\000e}{subsubsection*.13}% 25
\BOOKMARK [4][-]{paragraph*.18}{\376\377\000s\000e\000g\0001\000d\000.\000S\000e\000g\000m\000e\000n\000t\000e\000r\000.\000c\000l\000e\000a\000r\000\137\000r\000e\000f\000e\000r\000e\000n\000c\000e}{subsubsection*.13}% 26
\BOOKMARK [4][-]{paragraph*.20}{\376\377\000s\000e\000g\0001\000d\000.\000S\000e\000g\000m\000e\000n\000t\000e\000r\000.\000s\000e\000g\000m\000e\000n\000t}{subsubsection*.13}% 27
\BOOKMARK [3][-]{subsubsection*.22}{\376\377\000F\000e\000a\000t\000u\000r\000e\000s\000\040\000C\000l\000a\000s\000s}{subsection.1.4.2}% 28
\BOOKMARK [2][-]{subsection.1.4.3}{\376\377\000M\000e\000t\000h\000o\000d\000s}{section.1.4}% 29
\BOOKMARK [3][-]{subsubsection*.23}{\376\377\000A\000l\000g\000o\000r\000i\000t\000h\000m\000\040\000M\000e\000t\000h\000o\000d\000s}{subsection.1.4.3}% 30
\BOOKMARK [4][-]{paragraph*.24}{\376\377\000s\000e\000g\0001\000d\000.\000a\000l\000g\000o\000r\000i\000t\000h\000m\000.\000r\000o\000l\000l\000i\000n\000g\000\137\000c\000o\000r\000r}{subsubsection*.23}% 31
\BOOKMARK [4][-]{paragraph*.26}{\376\377\000s\000e\000g\0001\000d\000.\000a\000l\000g\000o\000r\000i\000t\000h\000m\000.\000c\000o\000m\000b\000i\000n\000e\000\137\000c\000o\000r\000r}{subsubsection*.23}% 32
\BOOKMARK [4][-]{paragraph*.28}{\376\377\000s\000e\000g\0001\000d\000.\000a\000l\000g\000o\000r\000i\000t\000h\000m\000.\000u\000n\000i\000q\000u\000e\000s}{subsubsection*.23}% 33
\BOOKMARK [4][-]{paragraph*.30}{\376\377\000s\000e\000g\0001\000d\000.\000a\000l\000g\000o\000r\000i\000t\000h\000m\000.\000g\000e\000t\000\137\000p\000e\000a\000k\000s}{subsubsection*.23}% 34
\BOOKMARK [4][-]{paragraph*.32}{\376\377\000s\000e\000g\0001\000d\000.\000a\000l\000g\000o\000r\000i\000t\000h\000m\000.\000c\000l\000u\000s\000t\000e\000r}{subsubsection*.23}% 35
\BOOKMARK [4][-]{paragraph*.34}{\376\377\000s\000e\000g\0001\000d\000.\000a\000l\000g\000o\000r\000i\000t\000h\000m\000.\000r\000e\000s\000a\000m\000p\000l\000e}{subsubsection*.23}% 36
\BOOKMARK [4][-]{paragraph*.36}{\376\377\000s\000e\000g\0001\000d\000.\000o\000p\000t\000i\000m\000i\000z\000e\000d\000\137\000f\000u\000n\000c\000s\000.\000r\000c\000o\000r}{subsubsection*.23}% 37
\BOOKMARK [4][-]{paragraph*.38}{\376\377\000s\000e\000g\0001\000d\000.\000o\000p\000t\000i\000m\000i\000z\000e\000d\000\137\000f\000u\000n\000c\000s\000.\000v\000c\000o\000r}{subsubsection*.23}% 38
\BOOKMARK [1][-]{section.1.5}{\376\377\000C\000o\000m\000m\000u\000n\000i\000t\000y\000\040\000G\000u\000i\000d\000e\000l\000i\000n\000e\000s}{chapter.1}% 39
\BOOKMARK [2][-]{subsection.1.5.1}{\376\377\000I\000s\000s\000u\000e\000s}{section.1.5}% 40
\BOOKMARK [2][-]{subsection.1.5.2}{\376\377\000C\000o\000n\000t\000r\000i\000b\000u\000t\000i\000n\000g}{section.1.5}% 41
\BOOKMARK [2][-]{subsection.1.5.3}{\376\377\000C\000o\000p\000y\000r\000i\000g\000h\000t\000\040\000a\000n\000d\000\040\000L\000i\000c\000e\000n\000s\000i\000n\000g}{section.1.5}% 42
\BOOKMARK [0][-]{chapter.2}{\376\377\000I\000n\000d\000i\000c\000e\000s\000\040\000a\000n\000d\000\040\000t\000a\000b\000l\000e\000s}{}% 43
\BOOKMARK [0][-]{section*.48}{\376\377\000P\000y\000t\000h\000o\000n\000\040\000M\000o\000d\000u\000l\000e\000\040\000I\000n\000d\000e\000x}{}% 44
\BOOKMARK [0][-]{section*.49}{\376\377\000I\000n\000d\000e\000x}{}% 45
